<?xml version="1.0" encoding="UTF-8"?>
<!-- Generated by org.testng.reporters.JUnitXMLReporter -->
<testsuite ignored="2" hostname="pulkitrajpal" failures="0" tests="1" name="Default test" time="9.387" errors="0" timestamp="2022-02-02T15:01:45 IST">
  <testcase classname="com.flipkart.tests.ProductDetailsTest" name="changeSizeofProduct" time="7.015"/>
  <testcase classname="com.flipkart.tests.ProductDetailsTest" name="changeColorofProduct" time="0.0">
    <ignored/>
  </testcase> <!-- changeColorofProduct -->
  <testcase classname="com.flipkart.tests.ProductDetailsTest" name="checkImageDisplayed" time="0.0">
    <ignored/>
  </testcase> <!-- checkImageDisplayed -->
</testsuite> <!-- Default test -->
