<?xml version="1.0" encoding="UTF-8"?>
<!-- Generated by org.testng.reporters.JUnitXMLReporter -->
<testsuite ignored="4" hostname="pulkitrajpal" failures="0" tests="1" name="Default test" time="6.969" errors="0" timestamp="2022-02-01T15:25:28 IST">
  <testcase classname="com.flipkart.tests.ProductTest" name="chooseProductRating" time="4.117"/>
  <testcase classname="com.flipkart.tests.ProductTest" name="chooseProductBrand" time="0.0">
    <ignored/>
  </testcase> <!-- chooseProductBrand -->
  <testcase classname="com.flipkart.tests.ProductTest" name="sortProductByPriceHtoL" time="0.0">
    <ignored/>
  </testcase> <!-- sortProductByPriceHtoL -->
  <testcase classname="com.flipkart.tests.ProductTest" name="sortProductByPriceLtoH" time="0.0">
    <ignored/>
  </testcase> <!-- sortProductByPriceLtoH -->
  <testcase classname="com.flipkart.tests.ProductTest" name="relevantProducts" time="0.0">
    <ignored/>
  </testcase> <!-- relevantProducts -->
</testsuite> <!-- Default test -->
