<?xml version="1.0" encoding="UTF-8"?>
<!-- Generated by org.testng.reporters.JUnitXMLReporter -->
<testsuite ignored="35" hostname="pulkitrajpal" failures="0" tests="1" name="Test" time="11.223" errors="0" timestamp="2022-02-09T10:33:29 IST">
  <testcase classname="com.flipkart.tests.HomePageTest" name="dropDownElectronics" time="1.5"/>
  <testcase classname="com.flipkart.tests.FlipkartProfileInfoTest" name="changeName" time="0.0">
    <ignored/>
  </testcase> <!-- changeName -->
  <testcase classname="com.flipkart.tests.ProductTest" name="chooseProductBrand" time="0.0">
    <ignored/>
  </testcase> <!-- chooseProductBrand -->
  <testcase classname="com.flipkart.tests.LoginTest" name="validLogin" time="0.0">
    <ignored/>
  </testcase> <!-- validLogin -->
  <testcase classname="com.flipkart.tests.ProductTest" name="relevantProducts" time="0.0">
    <ignored/>
  </testcase> <!-- relevantProducts -->
  <testcase classname="com.flipkart.tests.LogoutTest" name="logout" time="0.0">
    <ignored/>
  </testcase> <!-- logout -->
  <testcase classname="com.flipkart.tests.WishlistTest" name="getProductsInwishlist" time="0.0">
    <ignored/>
  </testcase> <!-- getProductsInwishlist -->
  <testcase classname="com.flipkart.tests.BaseTest" name="@BeforeSuite setExtent" time="0.0">
    <ignored/>
  </testcase> <!-- @BeforeSuite setExtent -->
  <testcase classname="com.flipkart.tests.BaseTest" name="@BeforeSuite setExtent" time="0.0">
    <ignored/>
  </testcase> <!-- @BeforeSuite setExtent -->
  <testcase classname="com.flipkart.tests.BaseTest" name="@BeforeSuite setExtent" time="0.0">
    <ignored/>
  </testcase> <!-- @BeforeSuite setExtent -->
  <testcase classname="com.flipkart.tests.BaseTest" name="@BeforeSuite setExtent" time="0.0">
    <ignored/>
  </testcase> <!-- @BeforeSuite setExtent -->
  <testcase classname="com.flipkart.tests.BaseTest" name="@BeforeSuite setExtent" time="0.0">
    <ignored/>
  </testcase> <!-- @BeforeSuite setExtent -->
  <testcase classname="com.flipkart.tests.BaseTest" name="@BeforeSuite setExtent" time="0.0">
    <ignored/>
  </testcase> <!-- @BeforeSuite setExtent -->
  <testcase classname="com.flipkart.tests.BaseTest" name="@BeforeSuite setExtent" time="0.0">
    <ignored/>
  </testcase> <!-- @BeforeSuite setExtent -->
  <testcase classname="com.flipkart.tests.BaseTest" name="@BeforeSuite setExtent" time="0.0">
    <ignored/>
  </testcase> <!-- @BeforeSuite setExtent -->
  <testcase classname="com.flipkart.tests.LoginTest" name="invalidLogin" time="0.0">
    <ignored/>
  </testcase> <!-- invalidLogin -->
  <testcase classname="com.flipkart.tests.ProductTest" name="sortProductByPriceHtoL" time="0.0">
    <ignored/>
  </testcase> <!-- sortProductByPriceHtoL -->
  <testcase classname="com.flipkart.tests.ProductDetailsTest" name="changeSizeofProduct" time="0.0">
    <ignored/>
  </testcase> <!-- changeSizeofProduct -->
  <testcase classname="com.flipkart.tests.AddressTest" name="addInValidAddress" time="0.0">
    <ignored/>
  </testcase> <!-- addInValidAddress -->
  <testcase classname="com.flipkart.tests.FlipkartProfileInfoTest" name="changeGender" time="0.0">
    <ignored/>
  </testcase> <!-- changeGender -->
  <testcase classname="com.flipkart.tests.ProductTest" name="sortProductByPriceLtoH" time="0.0">
    <ignored/>
  </testcase> <!-- sortProductByPriceLtoH -->
  <testcase classname="com.flipkart.tests.AddressTest" name="addValidAddress" time="0.0">
    <ignored/>
  </testcase> <!-- addValidAddress -->
  <testcase classname="com.flipkart.tests.ProductDetailsTest" name="changeColorofProduct" time="0.0">
    <ignored/>
  </testcase> <!-- changeColorofProduct -->
  <testcase classname="com.flipkart.tests.CartTest" name="deletefromCart" time="0.0">
    <ignored/>
  </testcase> <!-- deletefromCart -->
  <testcase classname="com.flipkart.tests.BaseTest" name="@AfterSuite endReport" time="0.0">
    <ignored/>
  </testcase> <!-- @AfterSuite endReport -->
  <testcase classname="com.flipkart.tests.CartTest" name="addToCart" time="0.0">
    <ignored/>
  </testcase> <!-- addToCart -->
  <testcase classname="com.flipkart.tests.BaseTest" name="@AfterSuite endReport" time="0.0">
    <ignored/>
  </testcase> <!-- @AfterSuite endReport -->
  <testcase classname="com.flipkart.tests.BaseTest" name="@AfterSuite endReport" time="0.0">
    <ignored/>
  </testcase> <!-- @AfterSuite endReport -->
  <testcase classname="com.flipkart.tests.BaseTest" name="@AfterSuite endReport" time="0.0">
    <ignored/>
  </testcase> <!-- @AfterSuite endReport -->
  <testcase classname="com.flipkart.tests.BaseTest" name="@AfterSuite endReport" time="0.0">
    <ignored/>
  </testcase> <!-- @AfterSuite endReport -->
  <testcase classname="com.flipkart.tests.BaseTest" name="@AfterSuite endReport" time="0.0">
    <ignored/>
  </testcase> <!-- @AfterSuite endReport -->
  <testcase classname="com.flipkart.tests.BaseTest" name="@AfterSuite endReport" time="0.0">
    <ignored/>
  </testcase> <!-- @AfterSuite endReport -->
  <testcase classname="com.flipkart.tests.BaseTest" name="@AfterSuite endReport" time="0.0">
    <ignored/>
  </testcase> <!-- @AfterSuite endReport -->
  <testcase classname="com.flipkart.tests.ProductDetailsTest" name="checkImageDisplayed" time="0.0">
    <ignored/>
  </testcase> <!-- checkImageDisplayed -->
  <testcase classname="com.flipkart.tests.WishlistTest" name="addTowishlist" time="0.0">
    <ignored/>
  </testcase> <!-- addTowishlist -->
  <testcase classname="com.flipkart.tests.ProductTest" name="chooseProductRating" time="0.0">
    <ignored/>
  </testcase> <!-- chooseProductRating -->
</testsuite> <!-- Test -->
