<?xml version="1.0" encoding="UTF-8"?>
<!-- Generated by org.testng.reporters.JUnitXMLReporter -->
<testsuite ignored="5" hostname="pulkitrajpal" failures="1" tests="2" name="Test" time="12.721" errors="0" timestamp="2022-01-30T15:48:15 IST">
  <testcase classname="com.flipkart.tests.LoginTest" name="validLogin" time="0.626"/>
  <testcase classname="com.flipkart.tests.LogoutTest" name="logout" time="7.006">
    <failure type="java.lang.AssertionError" message="expected [Login] but found [Logout]">
      <![CDATA[java.lang.AssertionError: expected [Login] but found [Logout]
at com.flipkart.tests.LogoutTest.logout(LogoutTest.java:20)
at java.base/java.util.ArrayList.forEach(ArrayList.java:1540)
... Removed 33 stack frames]]>
    </failure>
  </testcase> <!-- logout -->
  <testcase classname="com.flipkart.tests.BaseTest" name="@BeforeSuite initializeWebdriver" time="0.0">
    <ignored/>
  </testcase> <!-- @BeforeSuite initializeWebdriver -->
  <testcase classname="com.flipkart.tests.BaseTest" name="@AfterSuite closebrowser" time="0.0">
    <ignored/>
  </testcase> <!-- @AfterSuite closebrowser -->
  <testcase classname="com.flipkart.tests.BaseTest" name="@AfterSuite endReport" time="0.0">
    <ignored/>
  </testcase> <!-- @AfterSuite endReport -->
  <testcase classname="com.flipkart.tests.LoginTest" name="invalidLogin" time="0.0">
    <ignored/>
  </testcase> <!-- invalidLogin -->
  <testcase classname="com.flipkart.tests.BaseTest" name="@BeforeSuite setExtent" time="0.0">
    <ignored/>
  </testcase> <!-- @BeforeSuite setExtent -->
</testsuite> <!-- Test -->
