<?xml version="1.0" encoding="UTF-8"?>
<!-- Generated by org.testng.reporters.JUnitXMLReporter -->
<testsuite ignored="16" hostname="pulkitrajpal" failures="1" tests="21" name="Test" time="217.197" errors="0" timestamp="2022-02-09T17:20:59 IST">
  <testcase classname="com.flipkart.tests.HomePageTest" name="dropDownElectronics" time="3.74"/>
  <testcase classname="com.flipkart.tests.HomePageTest" name="verifyTitle" time="0.01"/>
  <testcase classname="com.flipkart.tests.LoginTest" name="invalidLogin" time="0.811">
    <failure type="java.lang.AssertionError" message="did not expect [Your username or password is incorrect] but found [Your username or password is incorrect]">
      <![CDATA[java.lang.AssertionError: did not expect [Your username or password is incorrect] but found [Your username or password is incorrect]
at com.flipkart.tests.LoginTest.invalidLogin(LoginTest.java:62)
at java.base/java.util.ArrayList.forEach(ArrayList.java:1540)
... Removed 36 stack frames]]>
    </failure>
  </testcase> <!-- invalidLogin -->
  <testcase classname="com.flipkart.tests.LoginTest" name="validLogin" time="2.762"/>
  <testcase classname="com.flipkart.tests.LogoutTest" name="logout" time="3.43"/>
  <testcase classname="com.flipkart.tests.ProductTest" name="relevantProducts" time="3.037"/>
  <testcase classname="com.flipkart.tests.ProductTest" name="sortProductByPriceHtoL" time="4.445"/>
  <testcase classname="com.flipkart.tests.ProductTest" name="sortProductByPriceLtoH" time="4.075"/>
  <testcase classname="com.flipkart.tests.ProductTest" name="chooseProductBrand" time="4.124"/>
  <testcase classname="com.flipkart.tests.ProductTest" name="chooseProductRating" time="1.018"/>
  <testcase classname="com.flipkart.tests.ProductDetailsTest" name="checkImageDisplayed" time="2.787"/>
  <testcase classname="com.flipkart.tests.ProductDetailsTest" name="changeColorofProduct" time="4.926"/>
  <testcase classname="com.flipkart.tests.ProductDetailsTest" name="changeSizeofProduct" time="4.615"/>
  <testcase classname="com.flipkart.tests.CartTest" name="addToCart" time="7.408"/>
  <testcase classname="com.flipkart.tests.CartTest" name="addtoCartOutofStock" time="4.375"/>
  <testcase classname="com.flipkart.tests.AddressTest" name="addValidAddress" time="5.03"/>
  <testcase classname="com.flipkart.tests.AddressTest" name="addInValidAddress" time="4.966"/>
  <testcase classname="com.flipkart.tests.FlipkartProfileInfoTest" name="changeName" time="4.225"/>
  <testcase classname="com.flipkart.tests.FlipkartProfileInfoTest" name="changeGender" time="5.052"/>
  <testcase classname="com.flipkart.tests.WishlistTest" name="addTowishlist" time="3.25"/>
  <testcase classname="com.flipkart.tests.WishlistTest" name="getProductsInwishlist" time="5.221"/>
  <testcase classname="com.flipkart.tests.BaseTest" name="@AfterSuite endReport" time="0.0">
    <ignored/>
  </testcase> <!-- @AfterSuite endReport -->
  <testcase classname="com.flipkart.tests.BaseTest" name="@AfterSuite endReport" time="0.0">
    <ignored/>
  </testcase> <!-- @AfterSuite endReport -->
  <testcase classname="com.flipkart.tests.BaseTest" name="@AfterSuite endReport" time="0.0">
    <ignored/>
  </testcase> <!-- @AfterSuite endReport -->
  <testcase classname="com.flipkart.tests.BaseTest" name="@AfterSuite endReport" time="0.0">
    <ignored/>
  </testcase> <!-- @AfterSuite endReport -->
  <testcase classname="com.flipkart.tests.BaseTest" name="@AfterSuite endReport" time="0.0">
    <ignored/>
  </testcase> <!-- @AfterSuite endReport -->
  <testcase classname="com.flipkart.tests.BaseTest" name="@AfterSuite endReport" time="0.0">
    <ignored/>
  </testcase> <!-- @AfterSuite endReport -->
  <testcase classname="com.flipkart.tests.BaseTest" name="@AfterSuite endReport" time="0.0">
    <ignored/>
  </testcase> <!-- @AfterSuite endReport -->
  <testcase classname="com.flipkart.tests.BaseTest" name="@AfterSuite endReport" time="0.0">
    <ignored/>
  </testcase> <!-- @AfterSuite endReport -->
  <testcase classname="com.flipkart.tests.BaseTest" name="@BeforeSuite setExtent" time="0.0">
    <ignored/>
  </testcase> <!-- @BeforeSuite setExtent -->
  <testcase classname="com.flipkart.tests.BaseTest" name="@BeforeSuite setExtent" time="0.0">
    <ignored/>
  </testcase> <!-- @BeforeSuite setExtent -->
  <testcase classname="com.flipkart.tests.BaseTest" name="@BeforeSuite setExtent" time="0.0">
    <ignored/>
  </testcase> <!-- @BeforeSuite setExtent -->
  <testcase classname="com.flipkart.tests.BaseTest" name="@BeforeSuite setExtent" time="0.0">
    <ignored/>
  </testcase> <!-- @BeforeSuite setExtent -->
  <testcase classname="com.flipkart.tests.BaseTest" name="@BeforeSuite setExtent" time="0.0">
    <ignored/>
  </testcase> <!-- @BeforeSuite setExtent -->
  <testcase classname="com.flipkart.tests.BaseTest" name="@BeforeSuite setExtent" time="0.0">
    <ignored/>
  </testcase> <!-- @BeforeSuite setExtent -->
  <testcase classname="com.flipkart.tests.BaseTest" name="@BeforeSuite setExtent" time="0.0">
    <ignored/>
  </testcase> <!-- @BeforeSuite setExtent -->
  <testcase classname="com.flipkart.tests.BaseTest" name="@BeforeSuite setExtent" time="0.0">
    <ignored/>
  </testcase> <!-- @BeforeSuite setExtent -->
</testsuite> <!-- Test -->
