<?xml version="1.0" encoding="UTF-8"?>
<testsuite xmlns:xsi="http://www.w3.org/2001/XMLSchema-instance" xsi:noNamespaceSchemaLocation="https://maven.apache.org/surefire/maven-surefire-plugin/xsd/surefire-test-report.xsd" name="TestSuite" time="220.608" tests="21" errors="0" skipped="0" failures="1">
  <properties>
[...]
</properties>
  <testcase name="dropDownElectronics" classname="com.flipkart.tests.HomePageTest" time="3.741"/>
  <testcase name="verifyTitle" classname="com.flipkart.tests.HomePageTest" time="0.009"/>
  <testcase name="invalidLogin" classname="com.flipkart.tests.LoginTest" time="0.814">
    <failure message="did not expect [Your username or password is incorrect] but found [Your username or password is incorrect]" type="java.lang.AssertionError">java.lang.AssertionError: did not expect [Your username or password is incorrect] but found [Your username or password is incorrect]
	at com.flipkart.tests.LoginTest.invalidLogin(LoginTest.java:62)
</failure>
    <system-out><![CDATA[[INFO ] 2022-02-09 17:17:41.159 [main] LoginTest - Test :: InValid Login Test Case Started
[INFO ] 2022-02-09 17:17:41.160 [main] LoginTest - Test :: invalidLogin Signing Up to Flipkart Web App
]]></system-out>
    <system-err><![CDATA[Starting ChromeDriver 98.0.4758.80 (7f0488e8ba0d8e019187c6325a16c29d9b7f4989-refs/branch-heads/4758@{#972}) on port 22048
Only local connections are allowed.
Please see https://chromedriver.chromium.org/security-considerations for suggestions on keeping ChromeDriver safe.
ChromeDriver was started successfully.
Feb 09, 2022 5:17:37 PM org.openqa.selenium.remote.ProtocolHandshake createSession
INFO: Detected dialect: W3C
]]></system-err>
  </testcase>
  <testcase name="validLogin" classname="com.flipkart.tests.LoginTest" time="2.762"/>
  <testcase name="logout" classname="com.flipkart.tests.LogoutTest" time="3.431"/>
  <testcase name="relevantProducts" classname="com.flipkart.tests.ProductTest" time="3.036"/>
  <testcase name="sortProductByPriceHtoL" classname="com.flipkart.tests.ProductTest" time="4.446"/>
  <testcase name="sortProductByPriceLtoH" classname="com.flipkart.tests.ProductTest" time="4.075"/>
  <testcase name="chooseProductBrand" classname="com.flipkart.tests.ProductTest" time="4.125"/>
  <testcase name="chooseProductRating" classname="com.flipkart.tests.ProductTest" time="1.017"/>
  <testcase name="checkImageDisplayed" classname="com.flipkart.tests.ProductDetailsTest" time="2.786"/>
  <testcase name="changeColorofProduct" classname="com.flipkart.tests.ProductDetailsTest" time="4.926"/>
  <testcase name="changeSizeofProduct" classname="com.flipkart.tests.ProductDetailsTest" time="4.616"/>
  <testcase name="addToCart" classname="com.flipkart.tests.CartTest" time="7.408"/>
  <testcase name="addtoCartOutofStock" classname="com.flipkart.tests.CartTest" time="4.375"/>
  <testcase name="addValidAddress" classname="com.flipkart.tests.AddressTest" time="5.03"/>
  <testcase name="addInValidAddress" classname="com.flipkart.tests.AddressTest" time="4.966"/>
  <testcase name="changeName" classname="com.flipkart.tests.FlipkartProfileInfoTest" time="4.225"/>
  <testcase name="changeGender" classname="com.flipkart.tests.FlipkartProfileInfoTest" time="5.052"/>
  <testcase name="addTowishlist" classname="com.flipkart.tests.WishlistTest" time="3.25"/>
  <testcase name="getProductsInwishlist" classname="com.flipkart.tests.WishlistTest" time="5.221"/>
</testsuite>