-------------------------------------------------------------------------------
Test set: TestSuite
-------------------------------------------------------------------------------
Tests run: 21, Failures: 1, Errors: 0, Skipped: 0, Time elapsed: 220.608 s <<< FAILURE! - in TestSuite
invalidLogin(com.flipkart.tests.LoginTest)  Time elapsed: 0.814 s  <<< FAILURE!
java.lang.AssertionError: did not expect [Your username or password is incorrect] but found [Your username or password is incorrect]
	at com.flipkart.tests.LoginTest.invalidLogin(LoginTest.java:62)

