<?xml version="1.0" encoding="UTF-8"?>
<testng-results ignored="4" total="5" passed="1" failed="0" skipped="0">
  <reporter-output>
  </reporter-output>
  <suite started-at="2022-02-01T15:25:21 IST" name="Default suite" finished-at="2022-02-01T15:25:28 IST" duration-ms="6969">
    <groups>
    </groups>
    <test started-at="2022-02-01T15:25:21 IST" name="Default test" finished-at="2022-02-01T15:25:28 IST" duration-ms="6969">
      <class name="com.flipkart.tests.ProductTest">
        <test-method is-config="true" signature="initializeWebdriver()[pri:0, instance:com.flipkart.tests.ProductTest@27ce24aa]" started-at="2022-02-01T15:25:18 IST" name="initializeWebdriver" finished-at="2022-02-01T15:25:20 IST" duration-ms="2719" status="PASS">
          <reporter-output>
          </reporter-output>
        </test-method> <!-- initializeWebdriver -->
        <test-method is-config="true" signature="setExtent()[pri:0, instance:com.flipkart.tests.ProductTest@27ce24aa]" started-at="2022-02-01T15:25:20 IST" name="setExtent" finished-at="2022-02-01T15:25:21 IST" duration-ms="277" status="PASS">
          <reporter-output>
          </reporter-output>
        </test-method> <!-- setExtent -->
        <test-method is-config="true" signature="navigateToGoogleSearchPage()[pri:0, instance:com.flipkart.tests.ProductTest@27ce24aa]" started-at="2022-02-01T15:25:21 IST" name="navigateToGoogleSearchPage" finished-at="2022-02-01T15:25:24 IST" duration-ms="2788" status="PASS">
          <reporter-output>
          </reporter-output>
        </test-method> <!-- navigateToGoogleSearchPage -->
        <test-method signature="chooseProductRating()[pri:5, instance:com.flipkart.tests.ProductTest@27ce24aa]" started-at="2022-02-01T15:25:24 IST" name="chooseProductRating" finished-at="2022-02-01T15:25:28 IST" duration-ms="4117" status="PASS">
          <reporter-output>
          </reporter-output>
        </test-method> <!-- chooseProductRating -->
        <test-method is-config="true" signature="attachScreenshot(org.testng.ITestResult)[pri:0, instance:com.flipkart.tests.ProductTest@27ce24aa]" started-at="2022-02-01T15:25:28 IST" name="attachScreenshot" finished-at="2022-02-01T15:25:28 IST" duration-ms="4" status="PASS">
          <params>
            <param index="0">
              <value>
                <![CDATA[[TestResult name=chooseProductRating status=SUCCESS method=ProductTest.chooseProductRating()[pri:5, instance:com.flipkart.tests.ProductTest@27ce24aa] output={null}]]]>
              </value>
            </param>
          </params>
          <reporter-output>
          </reporter-output>
        </test-method> <!-- attachScreenshot -->
        <test-method is-config="true" signature="closebrowser()[pri:0, instance:com.flipkart.tests.ProductTest@27ce24aa]" started-at="2022-02-01T15:25:28 IST" name="closebrowser" finished-at="2022-02-01T15:25:28 IST" duration-ms="1" status="PASS">
          <reporter-output>
          </reporter-output>
        </test-method> <!-- closebrowser -->
        <test-method is-config="true" signature="endReport()[pri:0, instance:com.flipkart.tests.ProductTest@27ce24aa]" started-at="2022-02-01T15:25:28 IST" name="endReport" finished-at="2022-02-01T15:25:29 IST" duration-ms="773" status="PASS">
          <reporter-output>
          </reporter-output>
        </test-method> <!-- endReport -->
      </class> <!-- com.flipkart.tests.ProductTest -->
    </test> <!-- Default test -->
  </suite> <!-- Default suite -->
</testng-results>
