<?xml version="1.0" encoding="UTF-8"?>
<testng-results ignored="0" total="2" passed="2" failed="0" skipped="0">
  <reporter-output>
  </reporter-output>
  <suite started-at="2022-02-09T12:32:43 IST" name="Suite" finished-at="2022-02-09T12:33:17 IST" duration-ms="34115">
    <groups>
      <group name="cart">
        <method signature="CartTest.addToCart()[pri:14, instance:com.flipkart.tests.CartTest@1941a8ff]" name="addToCart" class="com.flipkart.tests.CartTest"/>
        <method signature="CartTest.deletefromCart()[pri:15, instance:com.flipkart.tests.CartTest@1941a8ff]" name="deletefromCart" class="com.flipkart.tests.CartTest"/>
      </group> <!-- cart -->
    </groups>
    <test started-at="2022-02-09T12:32:43 IST" name="Test" finished-at="2022-02-09T12:33:17 IST" duration-ms="34115">
      <class name="com.flipkart.tests.CartTest">
        <test-method is-config="true" signature="setExtent()[pri:0, instance:com.flipkart.tests.CartTest@1941a8ff]" started-at="2022-02-09T12:32:42 IST" name="setExtent" finished-at="2022-02-09T12:32:43 IST" duration-ms="718" status="PASS">
          <reporter-output>
          </reporter-output>
        </test-method> <!-- setExtent -->
        <test-method is-config="true" signature="attachScreenshot(org.testng.ITestResult)[pri:0, instance:com.flipkart.tests.CartTest@1941a8ff]" started-at="2022-02-09T12:32:43 IST" name="attachScreenshot" finished-at="2022-02-09T12:32:43 IST" duration-ms="1" status="PASS">
          <params>
            <param index="0">
              <value>
                <![CDATA[[TestResult name={null} status=CREATED method=CartTest.addToCart()[pri:14, instance:com.flipkart.tests.CartTest@1941a8ff] output={null}]]]>
              </value>
            </param>
          </params>
          <reporter-output>
          </reporter-output>
        </test-method> <!-- attachScreenshot -->
        <test-method is-config="true" signature="initializeWebdriver()[pri:0, instance:com.flipkart.tests.CartTest@1941a8ff]" started-at="2022-02-09T12:32:43 IST" name="initializeWebdriver" finished-at="2022-02-09T12:32:47 IST" duration-ms="4521" status="PASS">
          <reporter-output>
          </reporter-output>
        </test-method> <!-- initializeWebdriver -->
        <test-method is-config="true" signature="navigateToFlipkart()[pri:0, instance:com.flipkart.tests.CartTest@1941a8ff]" started-at="2022-02-09T12:32:47 IST" name="navigateToFlipkart" finished-at="2022-02-09T12:32:51 IST" duration-ms="3858" status="PASS">
          <reporter-output>
          </reporter-output>
        </test-method> <!-- navigateToFlipkart -->
        <test-method signature="addToCart()[pri:14, instance:com.flipkart.tests.CartTest@1941a8ff]" started-at="2022-02-09T12:32:51 IST" name="addToCart" finished-at="2022-02-09T12:33:03 IST" duration-ms="12264" status="PASS">
          <reporter-output>
          </reporter-output>
        </test-method> <!-- addToCart -->
        <test-method is-config="true" signature="closebrowser()[pri:0, instance:com.flipkart.tests.CartTest@1941a8ff]" started-at="2022-02-09T12:33:03 IST" name="closebrowser" finished-at="2022-02-09T12:33:04 IST" duration-ms="862" status="PASS">
          <reporter-output>
          </reporter-output>
        </test-method> <!-- closebrowser -->
        <test-method is-config="true" signature="attachScreenshot(org.testng.ITestResult)[pri:0, instance:com.flipkart.tests.CartTest@1941a8ff]" started-at="2022-02-09T12:33:04 IST" name="attachScreenshot" finished-at="2022-02-09T12:33:04 IST" duration-ms="0" status="PASS">
          <params>
            <param index="0">
              <value>
                <![CDATA[[TestResult name={null} status=CREATED method=CartTest.deletefromCart()[pri:15, instance:com.flipkart.tests.CartTest@1941a8ff] output={null}]]]>
              </value>
            </param>
          </params>
          <reporter-output>
          </reporter-output>
        </test-method> <!-- attachScreenshot -->
        <test-method is-config="true" signature="initializeWebdriver()[pri:0, instance:com.flipkart.tests.CartTest@1941a8ff]" started-at="2022-02-09T12:33:04 IST" name="initializeWebdriver" finished-at="2022-02-09T12:33:06 IST" duration-ms="1866" status="PASS">
          <reporter-output>
          </reporter-output>
        </test-method> <!-- initializeWebdriver -->
        <test-method is-config="true" signature="navigateToFlipkart()[pri:0, instance:com.flipkart.tests.CartTest@1941a8ff]" started-at="2022-02-09T12:33:06 IST" name="navigateToFlipkart" finished-at="2022-02-09T12:33:09 IST" duration-ms="2663" status="PASS">
          <reporter-output>
          </reporter-output>
        </test-method> <!-- navigateToFlipkart -->
        <test-method signature="deletefromCart()[pri:15, instance:com.flipkart.tests.CartTest@1941a8ff]" started-at="2022-02-09T12:33:09 IST" name="deletefromCart" finished-at="2022-02-09T12:33:16 IST" duration-ms="7180" status="PASS">
          <reporter-output>
          </reporter-output>
        </test-method> <!-- deletefromCart -->
        <test-method is-config="true" signature="closebrowser()[pri:0, instance:com.flipkart.tests.CartTest@1941a8ff]" started-at="2022-02-09T12:33:16 IST" name="closebrowser" finished-at="2022-02-09T12:33:17 IST" duration-ms="870" status="PASS">
          <reporter-output>
          </reporter-output>
        </test-method> <!-- closebrowser -->
        <test-method is-config="true" signature="endReport()[pri:0, instance:com.flipkart.tests.CartTest@1941a8ff]" started-at="2022-02-09T12:33:17 IST" name="endReport" finished-at="2022-02-09T12:33:17 IST" duration-ms="395" status="PASS">
          <reporter-output>
          </reporter-output>
        </test-method> <!-- endReport -->
      </class> <!-- com.flipkart.tests.CartTest -->
    </test> <!-- Test -->
  </suite> <!-- Suite -->
</testng-results>
